<?xml version="1.0" encoding="UTF-8" ?>
<testsuite tests="4" failures="1" name="com.mycompany.ejemploclase.EjemploClaseTest" time="0.07" errors="0" skipped="0">
  <properties>
[...]
</properties>
  <testcase classname="com.mycompany.ejemploclase.EjemploClaseTest" name="com.mycompany.ejemploclase.EjemploClaseTest.testNumero_mayor_test1" time="0.068">
    <failure message="expected: &lt;1&gt; but was: &lt;3&gt;" type="org.opentest4j.AssertionFailedError">org.opentest4j.AssertionFailedError: expected: &lt;1&gt; but was: &lt;3&gt;
	at org.junit.jupiter.api.AssertionUtils.fail(AssertionUtils.java:55)
	at org.junit.jupiter.api.AssertionUtils.failNotEqual(AssertionUtils.java:62)
	at org.junit.jupiter.api.AssertEquals.assertEquals(AssertEquals.java:150)
	at org.junit.jupiter.api.AssertEquals.assertEquals(AssertEquals.java:145)
	at org.junit.jupiter.api.Assertions.assertEquals(Assertions.java:510)
	at com.mycompany.ejemploclase.EjemploClaseTest.testNumero_mayor_test1(EjemploClaseTest.java:28)
</failure>
    <system-out>testNumero_mayor_test1
</system-out>
  </testcase>
  <testcase classname="com.mycompany.ejemploclase.EjemploClaseTest" name="com.mycompany.ejemploclase.EjemploClaseTest.testNumero_mayor_test2" time="0.002"/>
  <testcase classname="com.mycompany.ejemploclase.EjemploClaseTest" name="com.mycompany.ejemploclase.EjemploClaseTest.testNumero_mayor_test3" time="0"/>
  <testcase classname="com.mycompany.ejemploclase.EjemploClaseTest" name="com.mycompany.ejemploclase.EjemploClaseTest.testNumero_mayor" time="0"/>
</testsuite>